<?xml version="1.0" encoding="UTF-8"?>
<!-- Generated by org.testng.reporters.JUnitReportReporter -->
<testsuite hostname="LAPTOP-J5E37TJF" failures="0" tests="2" name="testngtest.CheckingTestSequence" time="0.016" errors="0" timestamp="2023-01-27T08:05:40 IST" skipped="0">
  <testcase classname="testngtest.CheckingTestSequence" name="verifyLoginAfterInCorrectCredentials" time="0.008"/>
  <system-out/>
  <testcase classname="testngtest.CheckingTestSequence" name="verifyLoginAfterCorrectCredentials" time="0.008"/>
  <system-out/>
</testsuite> <!-- testngtest.CheckingTestSequence -->
